<?xml version="1.0" encoding="UTF-8"?>
<testng-results ignored="0" total="1" passed="1" failed="0" skipped="0">
  <reporter-output>
  </reporter-output>
  <suite started-at="2024-12-06T15:19:08 IST" name="Default suite" finished-at="2024-12-06T15:19:08 IST" duration-ms="76">
    <groups>
    </groups>
    <test started-at="2024-12-06T15:19:08 IST" name="Default test" finished-at="2024-12-06T15:19:08 IST" duration-ms="76">
      <class name="com.hackathon.UrbanLadder.AppTest">
        <test-method signature="testApp()[pri:0, instance:com.hackathon.UrbanLadder.AppTest@383bfa16]" started-at="2024-12-06T15:19:08 IST" name="testApp" finished-at="2024-12-06T15:19:08 IST" duration-ms="19" status="PASS">
          <reporter-output>
          </reporter-output>
        </test-method> <!-- testApp -->
      </class> <!-- com.hackathon.UrbanLadder.AppTest -->
    </test> <!-- Default test -->
  </suite> <!-- Default suite -->
</testng-results>
